int : Operator / Sep / Reserved
Identifier : 0
= : Operator / Sep / Reserved
input : Operator / Sep / Reserved
( : Operator / Sep / Reserved
int : Operator / Sep / Reserved
Identifier : 0
= : Operator / Sep / Reserved
input : Operator / Sep / Reserved
( : Operator / Sep / Reserved
) : Operator / Sep / Reserved
; : Operator / Sep / Reserved
int : Operator / Sep / Reserved
Identifier : 1
= : Operator / Sep / Reserved
input : Operator / Sep / Reserved
( : Operator / Sep / Reserved
) : Operator / Sep / Reserved
; : Operator / Sep / Reserved
int : Operator / Sep / Reserved
Identifier : 2
= : Operator / Sep / Reserved
; : Operator / Sep / Reserved
if : Operator / Sep / Reserved
( : Operator / Sep / Reserved
Identifier : 0
>= : Operator / Sep / Reserved
Identifier : 1
and : Operator / Sep / Reserved
Identifier : 0
>= : Operator / Sep / Reserved
Identifier : 2
) : Operator / Sep / Reserved
{ : Operator / Sep / Reserved
Identifier : 3
= : Operator / Sep / Reserved
Identifier : 0
; : Operator / Sep / Reserved
} : Operator / Sep / Reserved
else : Operator / Sep / Reserved
if : Operator / Sep / Reserved
( : Operator / Sep / Reserved
Identifier : 1
>= : Operator / Sep / Reserved
Identifier : 0
and : Operator / Sep / Reserved
Identifier : 1
>= : Operator / Sep / Reserved
Identifier : 2
) : Operator / Sep / Reserved
{ : Operator / Sep / Reserved
Identifier : 3
= : Operator / Sep / Reserved
Identifier : 1
; : Operator / Sep / Reserved
} : Operator / Sep / Reserved
else : Operator / Sep / Reserved
{ : Operator / Sep / Reserved
Identifier : 3
= : Operator / Sep / Reserved
Identifier : 2
; : Operator / Sep / Reserved
} : Operator / Sep / Reserved
string : Operator / Sep / Reserved
Identifier : 3
= : Operator / Sep / Reserved
Constant : 0
; : Operator / Sep / Reserved
print : Operator / Sep / Reserved
( : Operator / Sep / Reserved
Identifier : 5
, : Operator / Sep / Reserved
Identifier : 4
) : Operator / Sep / Reserved
; : Operator / Sep / Reserved
