int : -1
Identifier : 0
= : -1
- : -1
Constant : 0
+ : -1
Constant : 1
int : -1
Identifier : 2
= : -1
input : -1
( : -1
Constant : 0
) : -1
; : -1
Identifier : 4
= : -1
[ : -1
] : -1
; : -1
int : -1
Identifier : 5
= : -1
Constant : 1
; : -1
for : -1
Identifier : 7
Identifier : 8
Identifier : 9
( : -1
Identifier : 6
) : -1
{ : -1
int : -1
Identifier : 4
= : -1
int : -1
( : -1
input : -1
( : -1
) : -1
) : -1
Identifier : 5
. : -1
Identifier : 5
( : -1
Identifier : 4
) : -1
; : -1
} : -1
for : -1
Identifier : 8
Identifier : 9
Identifier : 6
{ : -1
if : -1
( : -1
Identifier : 8
> : -1
Identifier : 10
) : -1
{ : -1
Identifier : 10
= : -1
Identifier : 8
; : -1
} : -1
} : -1
print : -1
( : -1
Identifier : 10
) : -1
; : -1
